<?xml version="1.0" encoding="UTF-8"?>
<testsuite name="pangramCheck.PangramTest" tests="1" skipped="0" failures="0" errors="0" timestamp="2021-11-03T04:59:51" hostname="localhost" time="0.018">
  <properties/>
  <testcase name="testTrue()" classname="pangramCheck.PangramTest" time="0.018"/>
  <system-out><![CDATA[]]></system-out>
  <system-err><![CDATA[]]></system-err>
</testsuite>
